2015/08/30 16:40:48 [error] [exception.CDbException] exception 'CDbException' with message 'CDbConnection failed to open the DB connection: SQLSTATE[HY000] [1045] Access denied for user 'root'@'localhost' (using password: YES)' in /Applications/MAMP/htdocs/air/framework/db/CDbConnection.php:382
Stack trace:
#0 /Applications/MAMP/htdocs/air/framework/db/CDbConnection.php(330): CDbConnection->open()
#1 /Applications/MAMP/htdocs/air/framework/db/CDbConnection.php(308): CDbConnection->setActive(true)
#2 /Applications/MAMP/htdocs/air/framework/base/CModule.php(387): CDbConnection->init()
#3 /Applications/MAMP/htdocs/air/framework/base/CApplication.php(450): CModule->getComponent('db')
#4 /Applications/MAMP/htdocs/air/framework/db/ar/CActiveRecord.php(634): CApplication->getDb()
#5 /Applications/MAMP/htdocs/air/framework/db/ar/CActiveRecord.php(2361): CActiveRecord->getDbConnection()
#6 /Applications/MAMP/htdocs/air/framework/db/ar/CActiveRecord.php(411): CActiveRecordMetaData->__construct(Object(User))
#7 /Applications/MAMP/htdocs/air/framework/db/ar/CActiveRecord.php(79): CActiveRecord->getMetaData()
#8 /Applications/MAMP/htdocs/air/app/protected/controllers/SiteController.php(35): CActiveRecord->__construct()
#9 /Applications/MAMP/htdocs/air/framework/web/actions/CInlineAction.php(49): SiteController->actionIndex()
#10 /Applications/MAMP/htdocs/air/framework/web/CController.php(308): CInlineAction->runWithParams(Array)
#11 /Applications/MAMP/htdocs/air/framework/web/CController.php(286): CController->runAction(Object(CInlineAction))
#12 /Applications/MAMP/htdocs/air/framework/web/CController.php(265): CController->runActionWithFilters(Object(CInlineAction), Array)
#13 /Applications/MAMP/htdocs/air/framework/web/CWebApplication.php(282): CController->run('')
#14 /Applications/MAMP/htdocs/air/framework/web/CWebApplication.php(141): CWebApplication->runController('')
#15 /Applications/MAMP/htdocs/air/framework/base/CApplication.php(180): CWebApplication->processRequest()
#16 /Applications/MAMP/htdocs/air/app/index.php(16): CApplication->run()
#17 {main}
REQUEST_URI=/air/app/
---
2015/08/30 21:44:22 [error] [php] Undefined variable: bg (/Applications/MAMP/htdocs/air/app/protected/views/layouts/main.php:60)
Stack trace:
#0 /Applications/MAMP/htdocs/air/framework/web/widgets/CContentDecorator.php(76): SiteController->renderFile()
#1 /Applications/MAMP/htdocs/air/framework/web/widgets/CContentDecorator.php(54): CContentDecorator->decorate()
#2 /Applications/MAMP/htdocs/air/framework/web/widgets/COutputProcessor.php(44): CContentDecorator->processOutput()
#3 /Applications/MAMP/htdocs/air/framework/web/CBaseController.php(206): CContentDecorator->run()
#4 /Applications/MAMP/htdocs/air/framework/web/CBaseController.php(300): SiteController->endWidget()
#5 /Applications/MAMP/htdocs/air/app/protected/views/layouts/column1.php(6): SiteController->endContent()
#6 /Applications/MAMP/htdocs/air/framework/web/CBaseController.php(126): require()
#7 /Applications/MAMP/htdocs/air/framework/web/CBaseController.php(95): SiteController->renderInternal()
#8 /Applications/MAMP/htdocs/air/framework/web/CController.php(784): SiteController->renderFile()
#9 /Applications/MAMP/htdocs/air/app/protected/controllers/SiteController.php(38): SiteController->render()
#10 /Applications/MAMP/htdocs/air/framework/web/actions/CInlineAction.php(49): SiteController->actionIndex()
#11 /Applications/MAMP/htdocs/air/framework/web/CController.php(308): CInlineAction->runWithParams()
#12 /Applications/MAMP/htdocs/air/framework/web/CController.php(286): SiteController->runAction()
#13 /Applications/MAMP/htdocs/air/framework/web/CController.php(265): SiteController->runActionWithFilters()
#14 /Applications/MAMP/htdocs/air/framework/web/CWebApplication.php(282): SiteController->run()
#15 /Applications/MAMP/htdocs/air/framework/web/CWebApplication.php(141): CWebApplication->runController()
#16 /Applications/MAMP/htdocs/air/framework/base/CApplication.php(180): CWebApplication->processRequest()
#17 /Applications/MAMP/htdocs/air/app/index.php(16): CWebApplication->run()
REQUEST_URI=/air/app/
in /Applications/MAMP/htdocs/air/app/protected/views/layouts/main.php (60)
in /Applications/MAMP/htdocs/air/app/protected/views/layouts/column1.php (6)
in /Applications/MAMP/htdocs/air/app/protected/controllers/SiteController.php (38)
2015/08/30 21:44:47 [error] [php] Undefined variable: bg (/Applications/MAMP/htdocs/air/app/protected/views/layouts/main.php:60)
Stack trace:
#0 /Applications/MAMP/htdocs/air/framework/web/widgets/CContentDecorator.php(76): SiteController->renderFile()
#1 /Applications/MAMP/htdocs/air/framework/web/widgets/CContentDecorator.php(54): CContentDecorator->decorate()
#2 /Applications/MAMP/htdocs/air/framework/web/widgets/COutputProcessor.php(44): CContentDecorator->processOutput()
#3 /Applications/MAMP/htdocs/air/framework/web/CBaseController.php(206): CContentDecorator->run()
#4 /Applications/MAMP/htdocs/air/framework/web/CBaseController.php(300): SiteController->endWidget()
#5 /Applications/MAMP/htdocs/air/app/protected/views/layouts/column1.php(6): SiteController->endContent()
#6 /Applications/MAMP/htdocs/air/framework/web/CBaseController.php(126): require()
#7 /Applications/MAMP/htdocs/air/framework/web/CBaseController.php(95): SiteController->renderInternal()
#8 /Applications/MAMP/htdocs/air/framework/web/CController.php(784): SiteController->renderFile()
#9 /Applications/MAMP/htdocs/air/app/protected/controllers/SiteController.php(38): SiteController->render()
#10 /Applications/MAMP/htdocs/air/framework/web/actions/CInlineAction.php(49): SiteController->actionIndex()
#11 /Applications/MAMP/htdocs/air/framework/web/CController.php(308): CInlineAction->runWithParams()
#12 /Applications/MAMP/htdocs/air/framework/web/CController.php(286): SiteController->runAction()
#13 /Applications/MAMP/htdocs/air/framework/web/CController.php(265): SiteController->runActionWithFilters()
#14 /Applications/MAMP/htdocs/air/framework/web/CWebApplication.php(282): SiteController->run()
#15 /Applications/MAMP/htdocs/air/framework/web/CWebApplication.php(141): CWebApplication->runController()
#16 /Applications/MAMP/htdocs/air/framework/base/CApplication.php(180): CWebApplication->processRequest()
#17 /Applications/MAMP/htdocs/air/app/index.php(16): CWebApplication->run()
REQUEST_URI=/air/app/
in /Applications/MAMP/htdocs/air/app/protected/views/layouts/main.php (60)
in /Applications/MAMP/htdocs/air/app/protected/views/layouts/column1.php (6)
in /Applications/MAMP/htdocs/air/app/protected/controllers/SiteController.php (38)
2015/08/30 16:45:42 [error] [exception.CHttpException.404] exception 'CHttpException' with message 'The system is unable to find the requested action "UpdateSoftwareNow".' in /Applications/MAMP/htdocs/air/framework/web/CController.php:483
Stack trace:
#0 /Applications/MAMP/htdocs/air/framework/web/CController.php(270): CController->missingAction('UpdateSoftwareN...')
#1 /Applications/MAMP/htdocs/air/framework/web/CWebApplication.php(282): CController->run('UpdateSoftwareN...')
#2 /Applications/MAMP/htdocs/air/framework/web/CWebApplication.php(141): CWebApplication->runController('Help/UpdateSoft...')
#3 /Applications/MAMP/htdocs/air/framework/base/CApplication.php(180): CWebApplication->processRequest()
#4 /Applications/MAMP/htdocs/air/app/index.php(16): CApplication->run()
#5 {main}
REQUEST_URI=/air/app/index.php?r=Help/UpdateSoftwareNow
HTTP_REFERER=http://localhost/air/app/
---
2015/08/30 16:46:03 [error] [exception.CHttpException.404] exception 'CHttpException' with message 'The system is unable to find the requested action "UpdateSoftwareNow".' in /Applications/MAMP/htdocs/air/framework/web/CController.php:483
Stack trace:
#0 /Applications/MAMP/htdocs/air/framework/web/CController.php(270): CController->missingAction('UpdateSoftwareN...')
#1 /Applications/MAMP/htdocs/air/framework/web/CWebApplication.php(282): CController->run('UpdateSoftwareN...')
#2 /Applications/MAMP/htdocs/air/framework/web/CWebApplication.php(141): CWebApplication->runController('Help/UpdateSoft...')
#3 /Applications/MAMP/htdocs/air/framework/base/CApplication.php(180): CWebApplication->processRequest()
#4 /Applications/MAMP/htdocs/air/app/index.php(16): CApplication->run()
#5 {main}
REQUEST_URI=/air/app/index.php?r=Help/UpdateSoftwareNow
HTTP_REFERER=http://localhost/air/app/index.php
---
2015/08/30 16:46:29 [error] [exception.CHttpException.404] exception 'CHttpException' with message 'The system is unable to find the requested action "UpdateSoftwareNow".' in /Applications/MAMP/htdocs/air/framework/web/CController.php:483
Stack trace:
#0 /Applications/MAMP/htdocs/air/framework/web/CController.php(270): CController->missingAction('UpdateSoftwareN...')
#1 /Applications/MAMP/htdocs/air/framework/web/CWebApplication.php(282): CController->run('UpdateSoftwareN...')
#2 /Applications/MAMP/htdocs/air/framework/web/CWebApplication.php(141): CWebApplication->runController('Help/UpdateSoft...')
#3 /Applications/MAMP/htdocs/air/framework/base/CApplication.php(180): CWebApplication->processRequest()
#4 /Applications/MAMP/htdocs/air/app/index.php(16): CApplication->run()
#5 {main}
REQUEST_URI=/air/app/index.php?r=Help/UpdateSoftwareNow
HTTP_REFERER=http://localhost/air/app/index.php
---
2015/08/30 16:46:35 [error] [exception.CHttpException.404] exception 'CHttpException' with message 'The system is unable to find the requested action "UpdateSoftwareNow".' in /Applications/MAMP/htdocs/air/framework/web/CController.php:483
Stack trace:
#0 /Applications/MAMP/htdocs/air/framework/web/CController.php(270): CController->missingAction('UpdateSoftwareN...')
#1 /Applications/MAMP/htdocs/air/framework/web/CWebApplication.php(282): CController->run('UpdateSoftwareN...')
#2 /Applications/MAMP/htdocs/air/framework/web/CWebApplication.php(141): CWebApplication->runController('Help/UpdateSoft...')
#3 /Applications/MAMP/htdocs/air/framework/base/CApplication.php(180): CWebApplication->processRequest()
#4 /Applications/MAMP/htdocs/air/app/index.php(16): CApplication->run()
#5 {main}
REQUEST_URI=/air/app/index.php?r=Help/UpdateSoftwareNow
HTTP_REFERER=http://localhost/air/app/index.php
---
2015/08/30 16:46:51 [error] [exception.CHttpException.404] exception 'CHttpException' with message 'The system is unable to find the requested action "UpdateSoftwareNow".' in /Applications/MAMP/htdocs/air/framework/web/CController.php:483
Stack trace:
#0 /Applications/MAMP/htdocs/air/framework/web/CController.php(270): CController->missingAction('UpdateSoftwareN...')
#1 /Applications/MAMP/htdocs/air/framework/web/CWebApplication.php(282): CController->run('UpdateSoftwareN...')
#2 /Applications/MAMP/htdocs/air/framework/web/CWebApplication.php(141): CWebApplication->runController('Help/UpdateSoft...')
#3 /Applications/MAMP/htdocs/air/framework/base/CApplication.php(180): CWebApplication->processRequest()
#4 /Applications/MAMP/htdocs/air/app/index.php(16): CApplication->run()
#5 {main}
REQUEST_URI=/air/app/index.php?r=Help/UpdateSoftwareNow
HTTP_REFERER=http://localhost/air/app/index.php
---
2015/08/30 16:47:01 [error] [exception.CHttpException.404] exception 'CHttpException' with message 'The system is unable to find the requested action "UpdateSoftwareNow".' in /Applications/MAMP/htdocs/air/framework/web/CController.php:483
Stack trace:
#0 /Applications/MAMP/htdocs/air/framework/web/CController.php(270): CController->missingAction('UpdateSoftwareN...')
#1 /Applications/MAMP/htdocs/air/framework/web/CWebApplication.php(282): CController->run('UpdateSoftwareN...')
#2 /Applications/MAMP/htdocs/air/framework/web/CWebApplication.php(141): CWebApplication->runController('Help/UpdateSoft...')
#3 /Applications/MAMP/htdocs/air/framework/base/CApplication.php(180): CWebApplication->processRequest()
#4 /Applications/MAMP/htdocs/air/app/index.php(16): CApplication->run()
#5 {main}
REQUEST_URI=/air/app/index.php?r=Help/UpdateSoftwareNow
HTTP_REFERER=http://localhost/air/app/index.php
---
2015/08/30 16:47:22 [error] [exception.CHttpException.404] exception 'CHttpException' with message 'The system is unable to find the requested action "UpdateSoftwareNow".' in /Applications/MAMP/htdocs/air/framework/web/CController.php:483
Stack trace:
#0 /Applications/MAMP/htdocs/air/framework/web/CController.php(270): CController->missingAction('UpdateSoftwareN...')
#1 /Applications/MAMP/htdocs/air/framework/web/CWebApplication.php(282): CController->run('UpdateSoftwareN...')
#2 /Applications/MAMP/htdocs/air/framework/web/CWebApplication.php(141): CWebApplication->runController('Help/UpdateSoft...')
#3 /Applications/MAMP/htdocs/air/framework/base/CApplication.php(180): CWebApplication->processRequest()
#4 /Applications/MAMP/htdocs/air/app/index.php(16): CApplication->run()
#5 {main}
REQUEST_URI=/air/app/index.php?r=Help/UpdateSoftwareNow
HTTP_REFERER=http://localhost/air/app/index.php
---
2015/08/30 16:47:47 [error] [exception.CHttpException.404] exception 'CHttpException' with message 'The system is unable to find the requested action "UpdateSoftwareNow".' in /Applications/MAMP/htdocs/air/framework/web/CController.php:483
Stack trace:
#0 /Applications/MAMP/htdocs/air/framework/web/CController.php(270): CController->missingAction('UpdateSoftwareN...')
#1 /Applications/MAMP/htdocs/air/framework/web/CWebApplication.php(282): CController->run('UpdateSoftwareN...')
#2 /Applications/MAMP/htdocs/air/framework/web/CWebApplication.php(141): CWebApplication->runController('Help/UpdateSoft...')
#3 /Applications/MAMP/htdocs/air/framework/base/CApplication.php(180): CWebApplication->processRequest()
#4 /Applications/MAMP/htdocs/air/app/index.php(16): CApplication->run()
#5 {main}
REQUEST_URI=/air/app/index.php?r=Help/UpdateSoftwareNow
HTTP_REFERER=http://localhost/air/app/index.php
---
2015/08/30 16:48:03 [error] [exception.CHttpException.404] exception 'CHttpException' with message 'The system is unable to find the requested action "UpdateSoftwareNow".' in /Applications/MAMP/htdocs/air/framework/web/CController.php:483
Stack trace:
#0 /Applications/MAMP/htdocs/air/framework/web/CController.php(270): CController->missingAction('UpdateSoftwareN...')
#1 /Applications/MAMP/htdocs/air/framework/web/CWebApplication.php(282): CController->run('UpdateSoftwareN...')
#2 /Applications/MAMP/htdocs/air/framework/web/CWebApplication.php(141): CWebApplication->runController('Help/UpdateSoft...')
#3 /Applications/MAMP/htdocs/air/framework/base/CApplication.php(180): CWebApplication->processRequest()
#4 /Applications/MAMP/htdocs/air/app/index.php(16): CApplication->run()
#5 {main}
REQUEST_URI=/air/app/index.php?r=Help/UpdateSoftwareNow
HTTP_REFERER=http://localhost/air/app/index.php
---
2015/08/30 16:48:09 [error] [exception.CHttpException.404] exception 'CHttpException' with message 'The system is unable to find the requested action "UpdateSoftwareNow".' in /Applications/MAMP/htdocs/air/framework/web/CController.php:483
Stack trace:
#0 /Applications/MAMP/htdocs/air/framework/web/CController.php(270): CController->missingAction('UpdateSoftwareN...')
#1 /Applications/MAMP/htdocs/air/framework/web/CWebApplication.php(282): CController->run('UpdateSoftwareN...')
#2 /Applications/MAMP/htdocs/air/framework/web/CWebApplication.php(141): CWebApplication->runController('Help/UpdateSoft...')
#3 /Applications/MAMP/htdocs/air/framework/base/CApplication.php(180): CWebApplication->processRequest()
#4 /Applications/MAMP/htdocs/air/app/index.php(16): CApplication->run()
#5 {main}
REQUEST_URI=/air/app/index.php?r=Help/UpdateSoftwareNow
HTTP_REFERER=http://localhost/air/app/index.php
---
2015/08/30 16:48:16 [error] [exception.CHttpException.404] exception 'CHttpException' with message 'The system is unable to find the requested action "UpdateSoftwareNow".' in /Applications/MAMP/htdocs/air/framework/web/CController.php:483
Stack trace:
#0 /Applications/MAMP/htdocs/air/framework/web/CController.php(270): CController->missingAction('UpdateSoftwareN...')
#1 /Applications/MAMP/htdocs/air/framework/web/CWebApplication.php(282): CController->run('UpdateSoftwareN...')
#2 /Applications/MAMP/htdocs/air/framework/web/CWebApplication.php(141): CWebApplication->runController('Help/UpdateSoft...')
#3 /Applications/MAMP/htdocs/air/framework/base/CApplication.php(180): CWebApplication->processRequest()
#4 /Applications/MAMP/htdocs/air/app/index.php(16): CApplication->run()
#5 {main}
REQUEST_URI=/air/app/index.php?r=Help/UpdateSoftwareNow
HTTP_REFERER=http://localhost/air/app/index.php
---
2015/08/30 16:48:26 [error] [exception.CHttpException.404] exception 'CHttpException' with message 'The system is unable to find the requested action "UpdateSoftwareNow".' in /Applications/MAMP/htdocs/air/framework/web/CController.php:483
Stack trace:
#0 /Applications/MAMP/htdocs/air/framework/web/CController.php(270): CController->missingAction('UpdateSoftwareN...')
#1 /Applications/MAMP/htdocs/air/framework/web/CWebApplication.php(282): CController->run('UpdateSoftwareN...')
#2 /Applications/MAMP/htdocs/air/framework/web/CWebApplication.php(141): CWebApplication->runController('Help/UpdateSoft...')
#3 /Applications/MAMP/htdocs/air/framework/base/CApplication.php(180): CWebApplication->processRequest()
#4 /Applications/MAMP/htdocs/air/app/index.php(16): CApplication->run()
#5 {main}
REQUEST_URI=/air/app/index.php?r=Help/UpdateSoftwareNow
HTTP_REFERER=http://localhost/air/app/index.php
---
2015/08/30 16:48:31 [error] [exception.CHttpException.404] exception 'CHttpException' with message 'The system is unable to find the requested action "UpdateSoftwareNow".' in /Applications/MAMP/htdocs/air/framework/web/CController.php:483
Stack trace:
#0 /Applications/MAMP/htdocs/air/framework/web/CController.php(270): CController->missingAction('UpdateSoftwareN...')
#1 /Applications/MAMP/htdocs/air/framework/web/CWebApplication.php(282): CController->run('UpdateSoftwareN...')
#2 /Applications/MAMP/htdocs/air/framework/web/CWebApplication.php(141): CWebApplication->runController('Help/UpdateSoft...')
#3 /Applications/MAMP/htdocs/air/framework/base/CApplication.php(180): CWebApplication->processRequest()
#4 /Applications/MAMP/htdocs/air/app/index.php(16): CApplication->run()
#5 {main}
REQUEST_URI=/air/app/index.php?r=Help/UpdateSoftwareNow
HTTP_REFERER=http://localhost/air/app/index.php
---
2015/08/30 16:48:41 [error] [exception.CHttpException.404] exception 'CHttpException' with message 'The system is unable to find the requested action "UpdateSoftwareNow".' in /Applications/MAMP/htdocs/air/framework/web/CController.php:483
Stack trace:
#0 /Applications/MAMP/htdocs/air/framework/web/CController.php(270): CController->missingAction('UpdateSoftwareN...')
#1 /Applications/MAMP/htdocs/air/framework/web/CWebApplication.php(282): CController->run('UpdateSoftwareN...')
#2 /Applications/MAMP/htdocs/air/framework/web/CWebApplication.php(141): CWebApplication->runController('Help/UpdateSoft...')
#3 /Applications/MAMP/htdocs/air/framework/base/CApplication.php(180): CWebApplication->processRequest()
#4 /Applications/MAMP/htdocs/air/app/index.php(16): CApplication->run()
#5 {main}
REQUEST_URI=/air/app/index.php?r=Help/UpdateSoftwareNow
HTTP_REFERER=http://localhost/air/app/index.php
---
2015/08/30 16:48:57 [error] [exception.CHttpException.404] exception 'CHttpException' with message 'The system is unable to find the requested action "UpdateSoftwareNow".' in /Applications/MAMP/htdocs/air/framework/web/CController.php:483
Stack trace:
#0 /Applications/MAMP/htdocs/air/framework/web/CController.php(270): CController->missingAction('UpdateSoftwareN...')
#1 /Applications/MAMP/htdocs/air/framework/web/CWebApplication.php(282): CController->run('UpdateSoftwareN...')
#2 /Applications/MAMP/htdocs/air/framework/web/CWebApplication.php(141): CWebApplication->runController('Help/UpdateSoft...')
#3 /Applications/MAMP/htdocs/air/framework/base/CApplication.php(180): CWebApplication->processRequest()
#4 /Applications/MAMP/htdocs/air/app/index.php(16): CApplication->run()
#5 {main}
REQUEST_URI=/air/app/index.php?r=Help/UpdateSoftwareNow
HTTP_REFERER=http://localhost/air/app/index.php
---
2015/08/30 16:49:05 [error] [exception.CHttpException.404] exception 'CHttpException' with message 'The system is unable to find the requested action "UpdateSoftwareNow".' in /Applications/MAMP/htdocs/air/framework/web/CController.php:483
Stack trace:
#0 /Applications/MAMP/htdocs/air/framework/web/CController.php(270): CController->missingAction('UpdateSoftwareN...')
#1 /Applications/MAMP/htdocs/air/framework/web/CWebApplication.php(282): CController->run('UpdateSoftwareN...')
#2 /Applications/MAMP/htdocs/air/framework/web/CWebApplication.php(141): CWebApplication->runController('Help/UpdateSoft...')
#3 /Applications/MAMP/htdocs/air/framework/base/CApplication.php(180): CWebApplication->processRequest()
#4 /Applications/MAMP/htdocs/air/app/index.php(16): CApplication->run()
#5 {main}
REQUEST_URI=/air/app/index.php?r=Help/UpdateSoftwareNow
HTTP_REFERER=http://localhost/air/app/index.php
---
2015/08/30 16:49:17 [error] [exception.CHttpException.404] exception 'CHttpException' with message 'The system is unable to find the requested action "UpdateSoftwareNow".' in /Applications/MAMP/htdocs/air/framework/web/CController.php:483
Stack trace:
#0 /Applications/MAMP/htdocs/air/framework/web/CController.php(270): CController->missingAction('UpdateSoftwareN...')
#1 /Applications/MAMP/htdocs/air/framework/web/CWebApplication.php(282): CController->run('UpdateSoftwareN...')
#2 /Applications/MAMP/htdocs/air/framework/web/CWebApplication.php(141): CWebApplication->runController('Help/UpdateSoft...')
#3 /Applications/MAMP/htdocs/air/framework/base/CApplication.php(180): CWebApplication->processRequest()
#4 /Applications/MAMP/htdocs/air/app/index.php(16): CApplication->run()
#5 {main}
REQUEST_URI=/air/app/index.php?r=Help/UpdateSoftwareNow
HTTP_REFERER=http://localhost/air/app/index.php
---
2015/08/30 16:49:30 [error] [exception.CHttpException.404] exception 'CHttpException' with message 'The system is unable to find the requested action "UpdateSoftwareNow".' in /Applications/MAMP/htdocs/air/framework/web/CController.php:483
Stack trace:
#0 /Applications/MAMP/htdocs/air/framework/web/CController.php(270): CController->missingAction('UpdateSoftwareN...')
#1 /Applications/MAMP/htdocs/air/framework/web/CWebApplication.php(282): CController->run('UpdateSoftwareN...')
#2 /Applications/MAMP/htdocs/air/framework/web/CWebApplication.php(141): CWebApplication->runController('Help/UpdateSoft...')
#3 /Applications/MAMP/htdocs/air/framework/base/CApplication.php(180): CWebApplication->processRequest()
#4 /Applications/MAMP/htdocs/air/app/index.php(16): CApplication->run()
#5 {main}
REQUEST_URI=/air/app/index.php?r=Help/UpdateSoftwareNow
HTTP_REFERER=http://localhost/air/app/index.php
---
2015/08/30 16:50:25 [error] [exception.CHttpException.404] exception 'CHttpException' with message 'The system is unable to find the requested action "UpdateSoftwareNow".' in /Applications/MAMP/htdocs/air/framework/web/CController.php:483
Stack trace:
#0 /Applications/MAMP/htdocs/air/framework/web/CController.php(270): CController->missingAction('UpdateSoftwareN...')
#1 /Applications/MAMP/htdocs/air/framework/web/CWebApplication.php(282): CController->run('UpdateSoftwareN...')
#2 /Applications/MAMP/htdocs/air/framework/web/CWebApplication.php(141): CWebApplication->runController('Help/UpdateSoft...')
#3 /Applications/MAMP/htdocs/air/framework/base/CApplication.php(180): CWebApplication->processRequest()
#4 /Applications/MAMP/htdocs/air/app/index.php(16): CApplication->run()
#5 {main}
REQUEST_URI=/air/app/index.php?r=Help/UpdateSoftwareNow
HTTP_REFERER=http://localhost/air/app/index.php
---
2015/08/30 16:50:34 [error] [exception.CHttpException.404] exception 'CHttpException' with message 'The system is unable to find the requested action "UpdateSoftwareNow".' in /Applications/MAMP/htdocs/air/framework/web/CController.php:483
Stack trace:
#0 /Applications/MAMP/htdocs/air/framework/web/CController.php(270): CController->missingAction('UpdateSoftwareN...')
#1 /Applications/MAMP/htdocs/air/framework/web/CWebApplication.php(282): CController->run('UpdateSoftwareN...')
#2 /Applications/MAMP/htdocs/air/framework/web/CWebApplication.php(141): CWebApplication->runController('Help/UpdateSoft...')
#3 /Applications/MAMP/htdocs/air/framework/base/CApplication.php(180): CWebApplication->processRequest()
#4 /Applications/MAMP/htdocs/air/app/index.php(16): CApplication->run()
#5 {main}
REQUEST_URI=/air/app/index.php?r=Help/UpdateSoftwareNow
HTTP_REFERER=http://localhost/air/app/index.php
---
2015/08/30 16:51:55 [error] [exception.CHttpException.404] exception 'CHttpException' with message 'The system is unable to find the requested action "UpdateSoftwareNow".' in /Applications/MAMP/htdocs/air/framework/web/CController.php:483
Stack trace:
#0 /Applications/MAMP/htdocs/air/framework/web/CController.php(270): CController->missingAction('UpdateSoftwareN...')
#1 /Applications/MAMP/htdocs/air/framework/web/CWebApplication.php(282): CController->run('UpdateSoftwareN...')
#2 /Applications/MAMP/htdocs/air/framework/web/CWebApplication.php(141): CWebApplication->runController('Help/UpdateSoft...')
#3 /Applications/MAMP/htdocs/air/framework/base/CApplication.php(180): CWebApplication->processRequest()
#4 /Applications/MAMP/htdocs/air/app/index.php(16): CApplication->run()
#5 {main}
REQUEST_URI=/air/app/index.php?r=Help/UpdateSoftwareNow
HTTP_REFERER=http://localhost/air/app/index.php
---
2015/08/30 16:52:36 [error] [exception.CHttpException.404] exception 'CHttpException' with message 'The system is unable to find the requested action "UpdateSoftwareNow".' in /Applications/MAMP/htdocs/air/framework/web/CController.php:483
Stack trace:
#0 /Applications/MAMP/htdocs/air/framework/web/CController.php(270): CController->missingAction('UpdateSoftwareN...')
#1 /Applications/MAMP/htdocs/air/framework/web/CWebApplication.php(282): CController->run('UpdateSoftwareN...')
#2 /Applications/MAMP/htdocs/air/framework/web/CWebApplication.php(141): CWebApplication->runController('Help/UpdateSoft...')
#3 /Applications/MAMP/htdocs/air/framework/base/CApplication.php(180): CWebApplication->processRequest()
#4 /Applications/MAMP/htdocs/air/app/index.php(16): CApplication->run()
#5 {main}
REQUEST_URI=/air/app/index.php?r=Help/UpdateSoftwareNow
HTTP_REFERER=http://localhost/air/app/index.php
---
2015/08/30 16:52:45 [error] [exception.CHttpException.404] exception 'CHttpException' with message 'The system is unable to find the requested action "UpdateSoftwareNow".' in /Applications/MAMP/htdocs/air/framework/web/CController.php:483
Stack trace:
#0 /Applications/MAMP/htdocs/air/framework/web/CController.php(270): CController->missingAction('UpdateSoftwareN...')
#1 /Applications/MAMP/htdocs/air/framework/web/CWebApplication.php(282): CController->run('UpdateSoftwareN...')
#2 /Applications/MAMP/htdocs/air/framework/web/CWebApplication.php(141): CWebApplication->runController('Help/UpdateSoft...')
#3 /Applications/MAMP/htdocs/air/framework/base/CApplication.php(180): CWebApplication->processRequest()
#4 /Applications/MAMP/htdocs/air/app/index.php(16): CApplication->run()
#5 {main}
REQUEST_URI=/air/app/index.php?r=Help/UpdateSoftwareNow
HTTP_REFERER=http://localhost/air/app/index.php
---
2015/08/30 16:54:19 [error] [exception.CHttpException.404] exception 'CHttpException' with message 'The system is unable to find the requested action "UpdateSoftwareNow".' in /Applications/MAMP/htdocs/air/framework/web/CController.php:483
Stack trace:
#0 /Applications/MAMP/htdocs/air/framework/web/CController.php(270): CController->missingAction('UpdateSoftwareN...')
#1 /Applications/MAMP/htdocs/air/framework/web/CWebApplication.php(282): CController->run('UpdateSoftwareN...')
#2 /Applications/MAMP/htdocs/air/framework/web/CWebApplication.php(141): CWebApplication->runController('Help/UpdateSoft...')
#3 /Applications/MAMP/htdocs/air/framework/base/CApplication.php(180): CWebApplication->processRequest()
#4 /Applications/MAMP/htdocs/air/app/index.php(16): CApplication->run()
#5 {main}
REQUEST_URI=/air/app/index.php?r=Help/UpdateSoftwareNow
HTTP_REFERER=http://localhost/air/app/index.php
---
2015/08/30 16:55:52 [error] [exception.CHttpException.404] exception 'CHttpException' with message 'The system is unable to find the requested action "UpdateSoftwareNow".' in /Applications/MAMP/htdocs/air/framework/web/CController.php:483
Stack trace:
#0 /Applications/MAMP/htdocs/air/framework/web/CController.php(270): CController->missingAction('UpdateSoftwareN...')
#1 /Applications/MAMP/htdocs/air/framework/web/CWebApplication.php(282): CController->run('UpdateSoftwareN...')
#2 /Applications/MAMP/htdocs/air/framework/web/CWebApplication.php(141): CWebApplication->runController('Help/UpdateSoft...')
#3 /Applications/MAMP/htdocs/air/framework/base/CApplication.php(180): CWebApplication->processRequest()
#4 /Applications/MAMP/htdocs/air/app/index.php(16): CApplication->run()
#5 {main}
REQUEST_URI=/air/app/index.php?r=Help/UpdateSoftwareNow
HTTP_REFERER=http://localhost/air/app/index.php
---
2015/08/30 16:56:03 [error] [exception.CHttpException.404] exception 'CHttpException' with message 'The system is unable to find the requested action "UpdateSoftwareNow".' in /Applications/MAMP/htdocs/air/framework/web/CController.php:483
Stack trace:
#0 /Applications/MAMP/htdocs/air/framework/web/CController.php(270): CController->missingAction('UpdateSoftwareN...')
#1 /Applications/MAMP/htdocs/air/framework/web/CWebApplication.php(282): CController->run('UpdateSoftwareN...')
#2 /Applications/MAMP/htdocs/air/framework/web/CWebApplication.php(141): CWebApplication->runController('Help/UpdateSoft...')
#3 /Applications/MAMP/htdocs/air/framework/base/CApplication.php(180): CWebApplication->processRequest()
#4 /Applications/MAMP/htdocs/air/app/index.php(16): CApplication->run()
#5 {main}
REQUEST_URI=/air/app/index.php?r=Help/UpdateSoftwareNow
HTTP_REFERER=http://localhost/air/app/index.php
---
2015/08/30 16:57:11 [error] [exception.CHttpException.404] exception 'CHttpException' with message 'The system is unable to find the requested action "UpdateSoftwareNow".' in /Applications/MAMP/htdocs/air/framework/web/CController.php:483
Stack trace:
#0 /Applications/MAMP/htdocs/air/framework/web/CController.php(270): CController->missingAction('UpdateSoftwareN...')
#1 /Applications/MAMP/htdocs/air/framework/web/CWebApplication.php(282): CController->run('UpdateSoftwareN...')
#2 /Applications/MAMP/htdocs/air/framework/web/CWebApplication.php(141): CWebApplication->runController('Help/UpdateSoft...')
#3 /Applications/MAMP/htdocs/air/framework/base/CApplication.php(180): CWebApplication->processRequest()
#4 /Applications/MAMP/htdocs/air/app/index.php(16): CApplication->run()
#5 {main}
REQUEST_URI=/air/app/index.php?r=Help/UpdateSoftwareNow
HTTP_REFERER=http://localhost/air/app/index.php
---
2015/08/30 16:57:19 [error] [exception.CHttpException.404] exception 'CHttpException' with message 'The system is unable to find the requested action "UpdateSoftwareNow".' in /Applications/MAMP/htdocs/air/framework/web/CController.php:483
Stack trace:
#0 /Applications/MAMP/htdocs/air/framework/web/CController.php(270): CController->missingAction('UpdateSoftwareN...')
#1 /Applications/MAMP/htdocs/air/framework/web/CWebApplication.php(282): CController->run('UpdateSoftwareN...')
#2 /Applications/MAMP/htdocs/air/framework/web/CWebApplication.php(141): CWebApplication->runController('Help/UpdateSoft...')
#3 /Applications/MAMP/htdocs/air/framework/base/CApplication.php(180): CWebApplication->processRequest()
#4 /Applications/MAMP/htdocs/air/app/index.php(16): CApplication->run()
#5 {main}
REQUEST_URI=/air/app/index.php?r=Help/UpdateSoftwareNow
HTTP_REFERER=http://localhost/air/app/index.php
---
2015/08/30 16:57:34 [error] [exception.CHttpException.404] exception 'CHttpException' with message 'The system is unable to find the requested action "UpdateSoftwareNow".' in /Applications/MAMP/htdocs/air/framework/web/CController.php:483
Stack trace:
#0 /Applications/MAMP/htdocs/air/framework/web/CController.php(270): CController->missingAction('UpdateSoftwareN...')
#1 /Applications/MAMP/htdocs/air/framework/web/CWebApplication.php(282): CController->run('UpdateSoftwareN...')
#2 /Applications/MAMP/htdocs/air/framework/web/CWebApplication.php(141): CWebApplication->runController('Help/UpdateSoft...')
#3 /Applications/MAMP/htdocs/air/framework/base/CApplication.php(180): CWebApplication->processRequest()
#4 /Applications/MAMP/htdocs/air/app/index.php(16): CApplication->run()
#5 {main}
REQUEST_URI=/air/app/index.php?r=Help/UpdateSoftwareNow
HTTP_REFERER=http://localhost/air/app/index.php
---
2015/08/30 16:57:42 [error] [exception.CHttpException.404] exception 'CHttpException' with message 'The system is unable to find the requested action "UpdateSoftwareNow".' in /Applications/MAMP/htdocs/air/framework/web/CController.php:483
Stack trace:
#0 /Applications/MAMP/htdocs/air/framework/web/CController.php(270): CController->missingAction('UpdateSoftwareN...')
#1 /Applications/MAMP/htdocs/air/framework/web/CWebApplication.php(282): CController->run('UpdateSoftwareN...')
#2 /Applications/MAMP/htdocs/air/framework/web/CWebApplication.php(141): CWebApplication->runController('Help/UpdateSoft...')
#3 /Applications/MAMP/htdocs/air/framework/base/CApplication.php(180): CWebApplication->processRequest()
#4 /Applications/MAMP/htdocs/air/app/index.php(16): CApplication->run()
#5 {main}
REQUEST_URI=/air/app/index.php?r=Help/UpdateSoftwareNow
HTTP_REFERER=http://localhost/air/app/index.php
---
2015/08/30 16:58:00 [error] [exception.CHttpException.404] exception 'CHttpException' with message 'The system is unable to find the requested action "UpdateSoftwareNow".' in /Applications/MAMP/htdocs/air/framework/web/CController.php:483
Stack trace:
#0 /Applications/MAMP/htdocs/air/framework/web/CController.php(270): CController->missingAction('UpdateSoftwareN...')
#1 /Applications/MAMP/htdocs/air/framework/web/CWebApplication.php(282): CController->run('UpdateSoftwareN...')
#2 /Applications/MAMP/htdocs/air/framework/web/CWebApplication.php(141): CWebApplication->runController('Help/UpdateSoft...')
#3 /Applications/MAMP/htdocs/air/framework/base/CApplication.php(180): CWebApplication->processRequest()
#4 /Applications/MAMP/htdocs/air/app/index.php(16): CApplication->run()
#5 {main}
REQUEST_URI=/air/app/index.php?r=Help/UpdateSoftwareNow
HTTP_REFERER=http://localhost/air/app/index.php
---
2015/08/30 22:06:06 [error] [php] Trying to get property of non-object (/Applications/MAMP/htdocs/air/app/protected/views/layouts/main.php:95)
Stack trace:
#0 /Applications/MAMP/htdocs/air/framework/web/widgets/CContentDecorator.php(76): SiteController->renderFile()
#1 /Applications/MAMP/htdocs/air/framework/web/widgets/CContentDecorator.php(54): CContentDecorator->decorate()
#2 /Applications/MAMP/htdocs/air/framework/web/widgets/COutputProcessor.php(44): CContentDecorator->processOutput()
#3 /Applications/MAMP/htdocs/air/framework/web/CBaseController.php(206): CContentDecorator->run()
#4 /Applications/MAMP/htdocs/air/framework/web/CBaseController.php(300): SiteController->endWidget()
#5 /Applications/MAMP/htdocs/air/app/protected/views/layouts/column1.php(6): SiteController->endContent()
#6 /Applications/MAMP/htdocs/air/framework/web/CBaseController.php(126): require()
#7 /Applications/MAMP/htdocs/air/framework/web/CBaseController.php(95): SiteController->renderInternal()
#8 /Applications/MAMP/htdocs/air/framework/web/CController.php(784): SiteController->renderFile()
#9 /Applications/MAMP/htdocs/air/app/protected/controllers/SiteController.php(38): SiteController->render()
#10 /Applications/MAMP/htdocs/air/framework/web/actions/CInlineAction.php(49): SiteController->actionIndex()
#11 /Applications/MAMP/htdocs/air/framework/web/CController.php(308): CInlineAction->runWithParams()
#12 /Applications/MAMP/htdocs/air/framework/web/CController.php(286): SiteController->runAction()
#13 /Applications/MAMP/htdocs/air/framework/web/CController.php(265): SiteController->runActionWithFilters()
#14 /Applications/MAMP/htdocs/air/framework/web/CWebApplication.php(282): SiteController->run()
#15 /Applications/MAMP/htdocs/air/framework/web/CWebApplication.php(141): CWebApplication->runController()
#16 /Applications/MAMP/htdocs/air/framework/base/CApplication.php(180): CWebApplication->processRequest()
#17 /Applications/MAMP/htdocs/air/app/index.php(16): CWebApplication->run()
REQUEST_URI=/air/app/index.php?r=site/index
in /Applications/MAMP/htdocs/air/app/protected/views/layouts/main.php (95)
in /Applications/MAMP/htdocs/air/app/protected/views/layouts/column1.php (6)
in /Applications/MAMP/htdocs/air/app/protected/controllers/SiteController.php (38)
